<?xml version="1.0" encoding="UTF-8"?>
<!-- Generated by org.testng.reporters.JUnitReportReporter -->
<testsuite skipped="0" hostname="LAPTOP-NETDM4DM" name="selenium.MavenImplementation.sreenshot3Test" tests="1" failures="0" timestamp="10 Sep 2019 17:13:36 GMT" time="8.550" errors="0">
  <testcase name="brower" time="8.550" classname="selenium.MavenImplementation.sreenshot3Test"/>
</testsuite> <!-- selenium.MavenImplementation.sreenshot3Test -->
