<?xml version="1.0" encoding="UTF-8"?>
<!-- Generated by org.testng.reporters.JUnitReportReporter -->
<testsuite skipped="0" hostname="LAPTOP-NETDM4DM" name="javaprogaram.datadrivenTest" tests="1" failures="0" timestamp="25 Sep 2019 16:06:13 GMT" time="0.518" errors="0">
  <testcase name="f" time="0.518" classname="javaprogaram.datadrivenTest"/>
</testsuite> <!-- javaprogaram.datadrivenTest -->
