<?xml version="1.0" encoding="UTF-8"?>
<!-- Generated by org.testng.reporters.JUnitReportReporter -->
<testsuite skipped="0" hostname="LAPTOP-NETDM4DM" name="testng.mousehoveringTest" tests="1" failures="0" timestamp="07 Sep 2019 14:22:02 GMT" time="9.653" errors="0">
  <testcase name="broser" time="9.653" classname="testng.mousehoveringTest"/>
</testsuite> <!-- testng.mousehoveringTest -->
