<?xml version="1.0" encoding="UTF-8"?>
<!-- Generated by org.testng.reporters.JUnitReportReporter -->
<testsuite skipped="0" hostname="LAPTOP-NETDM4DM" name="javaprogaram.writeexisingexcelTest" tests="1" failures="0" timestamp="28 Sep 2019 17:22:45 GMT" time="0.828" errors="0">
  <testcase name="f" time="0.828" classname="javaprogaram.writeexisingexcelTest"/>
</testsuite> <!-- javaprogaram.writeexisingexcelTest -->
