<?xml version="1.0" encoding="UTF-8"?>
<!-- Generated by org.testng.reporters.JUnitReportReporter -->
<testsuite skipped="0" hostname="LAPTOP-NETDM4DM" name="selenium.MavenImplementation.headlessTest" tests="1" failures="0" timestamp="10 Sep 2019 17:47:39 GMT" time="7.013" errors="0">
  <testcase name="f" time="7.013" classname="selenium.MavenImplementation.headlessTest"/>
</testsuite> <!-- selenium.MavenImplementation.headlessTest -->
