<?xml version="1.0" encoding="UTF-8"?>
<!-- Generated by org.testng.reporters.JUnitReportReporter -->
<testsuite skipped="0" hostname="LAPTOP-NETDM4DM" name="selenium.MavenImplementation.screenshot2Test" tests="1" failures="0" timestamp="10 Sep 2019 16:19:48 GMT" time="10.010" errors="0">
  <testcase name="f" time="10.010" classname="selenium.MavenImplementation.screenshot2Test"/>
</testsuite> <!-- selenium.MavenImplementation.screenshot2Test -->
