<?xml version="1.0" encoding="UTF-8"?>
<!-- Generated by org.testng.reporters.JUnitReportReporter -->
<testsuite skipped="0" hostname="LAPTOP-NETDM4DM" name="selenium_grid.Grid1Test" tests="1" failures="0" timestamp="16 Sep 2019 13:46:34 GMT" time="10.031" errors="0">
  <testcase name="f" time="10.031" classname="selenium_grid.Grid1Test"/>
</testsuite> <!-- selenium_grid.Grid1Test -->
