<?xml version="1.0" encoding="UTF-8"?>
<!-- Generated by org.testng.reporters.JUnitReportReporter -->
<testsuite skipped="0" hostname="LAPTOP-NETDM4DM" name="testng.screenshotTest" tests="1" failures="0" timestamp="07 Sep 2019 16:39:20 GMT" time="84.393" errors="0">
  <testcase name="browser" time="84.393" classname="testng.screenshotTest"/>
</testsuite> <!-- testng.screenshotTest -->
