<?xml version="1.0" encoding="UTF-8"?>
<!-- Generated by org.testng.reporters.JUnitReportReporter -->
<testsuite skipped="0" hostname="LAPTOP-NETDM4DM" name="javaprogaram.readExcelTest" tests="1" failures="0" timestamp="28 Sep 2019 13:45:28 GMT" time="1.400" errors="0">
  <testcase name="f" time="1.400" classname="javaprogaram.readExcelTest"/>
</testsuite> <!-- javaprogaram.readExcelTest -->
