<?xml version="1.0" encoding="UTF-8"?>
<!-- Generated by org.testng.reporters.JUnitReportReporter -->
<testsuite skipped="0" hostname="LAPTOP-NETDM4DM" name="javaprogaram.createexclesheetTest" tests="1" failures="0" timestamp="28 Sep 2019 16:31:15 GMT" time="0.625" errors="0">
  <testcase name="f" time="0.625" classname="javaprogaram.createexclesheetTest"/>
</testsuite> <!-- javaprogaram.createexclesheetTest -->
