<?xml version="1.0" encoding="UTF-8"?>
<!-- Generated by org.testng.reporters.JUnitReportReporter -->
<testsuite skipped="0" hostname="LAPTOP-NETDM4DM" name="javaprogaram.jdbcTest" tests="1" failures="0" timestamp="21 Sep 2019 17:31:14 GMT" time="0.219" errors="0">
  <testcase name="f" time="0.219" classname="javaprogaram.jdbcTest"/>
</testsuite> <!-- javaprogaram.jdbcTest -->
