<?xml version="1.0" encoding="UTF-8"?>
<!-- Generated by org.testng.reporters.JUnitReportReporter -->
<testsuite skipped="0" hostname="LAPTOP-NETDM4DM" name="javaprogaram.loginnaukariTest" tests="1" failures="0" timestamp="26 Sep 2019 18:22:54 GMT" time="39.759" errors="0">
  <testcase name="f" time="39.759" classname="javaprogaram.loginnaukariTest"/>
</testsuite> <!-- javaprogaram.loginnaukariTest -->
