<?xml version="1.0" encoding="UTF-8"?>
<!-- Generated by org.testng.reporters.JUnitReportReporter -->
<testsuite skipped="0" hostname="LAPTOP-NETDM4DM" name="javaprogaram.jdbc2Test" tests="1" failures="0" timestamp="2019-10-02T10:35:24 IST" time="0.586" errors="0">
  <testcase name="f" time="0.586" classname="javaprogaram.jdbc2Test"/>
</testsuite> <!-- javaprogaram.jdbc2Test -->
