<?xml version="1.0" encoding="UTF-8"?>
<!-- Generated by org.testng.reporters.JUnitReportReporter -->
<testsuite skipped="0" hostname="LAPTOP-NETDM4DM" name="javaprogaram.iteratorNewTest" tests="1" failures="0" timestamp="30 Sep 2019 17:16:57 GMT" time="1.021" errors="0">
  <testcase name="f" time="1.021" classname="javaprogaram.iteratorNewTest"/>
</testsuite> <!-- javaprogaram.iteratorNewTest -->
